# JRE version: Java(TM) SE Runtime Environment (8.0_161-b12) (build 1.8.0_161-b12)
# Java VM: Java HotSpot(TM) 64-Bit Server VM (25.161-b12 mixed mode bsd-amd64 compressed oops)
Heap:
 PSYoungGen      total 151040K, used 14810K [0x0000000795580000, 0x00000007a7d80000, 0x00000007c0000000)
  eden space 132096K, 0% used [0x0000000795580000,0x0000000795580000,0x000000079d680000)
  from space 18944K, 78% used [0x000000079d680000,0x000000079e4f6bb0,0x000000079e900000)
  to   space 19456K, 0% used [0x00000007a6a80000,0x00000007a6a80000,0x00000007a7d80000)
 ParOldGen       total 87552K, used 35854K [0x0000000740000000, 0x0000000745580000, 0x0000000795580000)
  object space 87552K, 40% used [0x0000000740000000,0x0000000742303980,0x0000000745580000)
 Metaspace       used 20965K, capacity 21066K, committed 21296K, reserved 1069056K
  class space    used 2612K, capacity 2640K, committed 2688K, reserved 1048576K
GC Heap History (10 events):
Event: 4.071 GC heap after
Heap after GC invocations=3 (full 0):
 PSYoungGen      total 38400K, used 5088K [0x0000000795580000, 0x000000079a080000, 0x00000007c0000000)
  eden space 33280K, 0% used [0x0000000795580000,0x0000000795580000,0x0000000797600000)
  from space 5120K, 99% used [0x0000000797600000,0x0000000797af8030,0x0000000797b00000)
  to   space 5120K, 0% used [0x0000000799b80000,0x0000000799b80000,0x000000079a080000)
 ParOldGen       total 87552K, used 13868K [0x0000000740000000, 0x0000000745580000, 0x0000000795580000)
  object space 87552K, 15% used [0x0000000740000000,0x0000000740d8b318,0x0000000745580000)
 Metaspace       used 9321K, capacity 9462K, committed 9600K, reserved 1058816K
  class space    used 1101K, capacity 1143K, committed 1152K, reserved 1048576K
}
Event: 6.572 GC heap before
{Heap before GC invocations=4 (full 0):
 PSYoungGen      total 38400K, used 38368K [0x0000000795580000, 0x000000079a080000, 0x00000007c0000000)
  eden space 33280K, 100% used [0x0000000795580000,0x0000000797600000,0x0000000797600000)
  from space 5120K, 99% used [0x0000000797600000,0x0000000797af8030,0x0000000797b00000)
  to   space 5120K, 0% used [0x0000000799b80000,0x0000000799b80000,0x000000079a080000)
 ParOldGen       total 87552K, used 13868K [0x0000000740000000, 0x0000000745580000, 0x0000000795580000)
  object space 87552K, 15% used [0x0000000740000000,0x0000000740d8b318,0x0000000745580000)
 Metaspace       used 9866K, capacity 9980K, committed 10240K, reserved 1058816K
  class space    used 1182K, capacity 1208K, committed 1280K, reserved 1048576K
Event: 6.591 GC heap after
Heap after GC invocations=4 (full 0):
 PSYoungGen      total 71680K, used 5104K [0x0000000795580000, 0x000000079a080000, 0x00000007c0000000)
  eden space 66560K, 0% used [0x0000000795580000,0x0000000795580000,0x0000000799680000)
  from space 5120K, 99% used [0x0000000799b80000,0x000000079a07c040,0x000000079a080000)
  to   space 5120K, 0% used [0x0000000799680000,0x0000000799680000,0x0000000799b80000)
 ParOldGen       total 87552K, used 19453K [0x0000000740000000, 0x0000000745580000, 0x0000000795580000)
  object space 87552K, 22% used [0x0000000740000000,0x00000007412ff628,0x0000000745580000)
 Metaspace       used 9866K, capacity 9980K, committed 10240K, reserved 1058816K
  class space    used 1182K, capacity 1208K, committed 1280K, reserved 1048576K
}
Event: 9.631 GC heap before
{Heap before GC invocations=5 (full 0):
 PSYoungGen      total 71680K, used 71664K [0x0000000795580000, 0x000000079a080000, 0x00000007c0000000)
  eden space 66560K, 100% used [0x0000000795580000,0x0000000799680000,0x0000000799680000)
  from space 5120K, 99% used [0x0000000799b80000,0x000000079a07c040,0x000000079a080000)
  to   space 5120K, 0% used [0x0000000799680000,0x0000000799680000,0x0000000799b80000)
 ParOldGen       total 87552K, used 19453K [0x0000000740000000, 0x0000000745580000, 0x0000000795580000)
  object space 87552K, 22% used [0x0000000740000000,0x00000007412ff628,0x0000000745580000)
 Metaspace       used 14346K, capacity 14524K, committed 14720K, reserved 1062912K
  class space    used 1818K, capacity 1859K, committed 1920K, reserved 1048576K
Event: 9.646 GC heap after
Heap after GC invocations=5 (full 0):
 PSYoungGen      total 71680K, used 5104K [0x0000000795580000, 0x000000079fa80000, 0x00000007c0000000)
  eden space 66560K, 0% used [0x0000000795580000,0x0000000795580000,0x0000000799680000)
  from space 5120K, 99% used [0x0000000799680000,0x0000000799b7c040,0x0000000799b80000)
  to   space 17920K, 0% used [0x000000079e900000,0x000000079e900000,0x000000079fa80000)
 ParOldGen       total 87552K, used 32457K [0x0000000740000000, 0x0000000745580000, 0x0000000795580000)
  object space 87552K, 37% used [0x0000000740000000,0x0000000741fb2570,0x0000000745580000)
 Metaspace       used 14346K, capacity 14524K, committed 14720K, reserved 1062912K
  class space    used 1818K, capacity 1859K, committed 1920K, reserved 1048576K
}
Event: 10.378 GC heap before
{Heap before GC invocations=6 (full 0):
 PSYoungGen      total 71680K, used 71664K [0x0000000795580000, 0x000000079fa80000, 0x00000007c0000000)
  eden space 66560K, 100% used [0x0000000795580000,0x0000000799680000,0x0000000799680000)
  from space 5120K, 99% used [0x0000000799680000,0x0000000799b7c040,0x0000000799b80000)
  to   space 17920K, 0% used [0x000000079e900000,0x000000079e900000,0x000000079fa80000)
 ParOldGen       total 87552K, used 32457K [0x0000000740000000, 0x0000000745580000, 0x0000000795580000)
  object space 87552K, 37% used [0x0000000740000000,0x0000000741fb2570,0x0000000745580000)
 Metaspace       used 18027K, capacity 18208K, committed 18432K, reserved 1064960K
  class space    used 2213K, capacity 2249K, committed 2304K, reserved 1048576K
Event: 10.416 GC heap after
Heap after GC invocations=6 (full 0):
 PSYoungGen      total 150016K, used 14932K [0x0000000795580000, 0x000000079fc80000, 0x00000007c0000000)
  eden space 132096K, 0% used [0x0000000795580000,0x0000000795580000,0x000000079d680000)
  from space 17920K, 83% used [0x000000079e900000,0x000000079f795398,0x000000079fa80000)
  to   space 18944K, 0% used [0x000000079d680000,0x000000079d680000,0x000000079e900000)
 ParOldGen       total 87552K, used 32465K [0x0000000740000000, 0x0000000745580000, 0x0000000795580000)
  object space 87552K, 37% used [0x0000000740000000,0x0000000741fb4570,0x0000000745580000)
 Metaspace       used 18027K, capacity 18208K, committed 18432K, reserved 1064960K
  class space    used 2213K, capacity 2249K, committed 2304K, reserved 1048576K
}
Event: 12.220 GC heap before
{Heap before GC invocations=7 (full 0):
 PSYoungGen      total 150016K, used 141944K [0x0000000795580000, 0x000000079fc80000, 0x00000007c0000000)
  eden space 132096K, 96% used [0x0000000795580000,0x000000079d188fa8,0x000000079d680000)
  from space 17920K, 83% used [0x000000079e900000,0x000000079f795398,0x000000079fa80000)
  to   space 18944K, 0% used [0x000000079d680000,0x000000079d680000,0x000000079e900000)
 ParOldGen       total 87552K, used 32465K [0x0000000740000000, 0x0000000745580000, 0x0000000795580000)
  object space 87552K, 37% used [0x0000000740000000,0x0000000741fb4570,0x0000000745580000)
 Metaspace       used 20965K, capacity 21066K, committed 21296K, reserved 1069056K
  class space    used 2612K, capacity 2640K, committed 2688K, reserved 1048576K
Event: 12.257 GC heap after
Heap after GC invocations=7 (full 0):
 PSYoungGen      total 151040K, used 14810K [0x0000000795580000, 0x00000007a7d80000, 0x00000007c0000000)
  eden space 132096K, 0% used [0x0000000795580000,0x0000000795580000,0x000000079d680000)
  from space 18944K, 78% used [0x000000079d680000,0x000000079e4f6bb0,0x000000079e900000)
  to   space 19456K, 0% used [0x00000007a6a80000,0x00000007a6a80000,0x00000007a7d80000)
 ParOldGen       total 87552K, used 35854K [0x0000000740000000, 0x0000000745580000, 0x0000000795580000)
  object space 87552K, 40% used [0x0000000740000000,0x0000000742303980,0x0000000745580000)
 Metaspace       used 20965K, capacity 21066K, committed 21296K, reserved 1069056K
  class space    used 2612K, capacity 2640K, committed 2688K, reserved 1048576K
}
Event: 12.257 GC heap before
{Heap before GC invocations=8 (full 1):
 PSYoungGen      total 151040K, used 14810K [0x0000000795580000, 0x00000007a7d80000, 0x00000007c0000000)
  eden space 132096K, 0% used [0x0000000795580000,0x0000000795580000,0x000000079d680000)
  from space 18944K, 78% used [0x000000079d680000,0x000000079e4f6bb0,0x000000079e900000)
  to   space 19456K, 0% used [0x00000007a6a80000,0x00000007a6a80000,0x00000007a7d80000)
 ParOldGen       total 87552K, used 35854K [0x0000000740000000, 0x0000000745580000, 0x0000000795580000)
  object space 87552K, 40% used [0x0000000740000000,0x0000000742303980,0x0000000745580000)
 Metaspace       used 20965K, capacity 21066K, committed 21296K, reserved 1069056K
  class space    used 2612K, capacity 2640K, committed 2688K, reserved 1048576K

